#
# A fatal error has been detected by the Java Runtime Environment:
#
#  SIGSEGV (0xb) at pc=0x0000ffffbb34c980, pid=7749, tid=7909
#
# JRE version: OpenJDK Runtime Environment Corretto-11.0.24.8.1 (11.0.24+8) (build 11.0.24+8-LTS)
# Java VM: OpenJDK 64-Bit Server VM Corretto-11.0.24.8.1 (11.0.24+8-LTS, mixed mode, tiered, compressed oops, g1 gc, linux-aarch64)
# Problematic frame:
# C  [libpython3.9.so.1.0+0x14c980]
#
# Core dump will be written. Default location: Core dumps may be processed with "/usr/lib/systemd/systemd-coredump %P %u %g %s %t %c %h" (or dumping to /home/ec2-user/RSIBacktester/core.7749)
#
# If you would like to submit a bug report, please visit:
#   https://github.com/corretto/corretto-11/issues/
# The crash happened outside the Java Virtual Machine in native code.
# See problematic frame for where to report the bug.
#

---------------  S U M M A R Y ------------

Command Line: -Djpy.jpyLib=/home/ec2-user/RSIBacktester/.venv/lib64/python3.9/site-packages/jpy.cpython-39-aarch64-linux-gnu.so -Djpy.jdlLib=/home/ec2-user/RSIBacktester/.venv/lib64/python3.9/site-packages/jdl.cpython-39-aarch64-linux-gnu.so -Djpy.pythonLib=/usr/lib64/libpython3.so -Djpy.pythonPrefix=/home/ec2-user/RSIBacktester/.venv -Djpy.pythonExecutable=/home/ec2-user/RSIBacktester/.venv/bin/python -DPythonDeephavenSession.initScripts= -DLoggerFactory.silenceOnProcessEnvironment=true -Dstdout.toLogBuffer=false -Dstderr.toLogBuffer=false -Dlogback.configurationFile=logback-minimal.xml -Xrs -XX:+UnlockDiagnosticVMOptions -XX:CompilerDirectivesFile=/home/ec2-user/RSIBacktester/.venv/lib64/python3.9/site-packages/deephaven_server/jars/dh-compiler-directives.txt -XX:+UseG1GC -XX:MaxGCPauseMillis=100 -XX:+UseStringDeduplication -XX:GCLockerRetryAllocationCount=128 -Xmx12g -DAuthHandlers=io.deephaven.auth.AnonymousAuthenticationHandler --add-opens=java.base/java.nio=ALL-UNNAMED --add-exports=java.management/sun.management=ALL-UNNAMED --add-exports=java.base/jdk.internal.misc=ALL-UNNAMED 

Host: AArch64, 16 cores, 30G, Amazon Linux release 2023.5.20240916 (Amazon Linux)
Time: Mon Sep 30 14:16:55 2024 UTC elapsed time: 6.719774 seconds (0d 0h 0m 6s)

---------------  T H R E A D  ---------------

Current thread (0x0000aaaadf761800):  JavaThread "DeephavenApiServer-Scheduler-Concurrent-1" daemon [_thread_in_native, id=7909, stack(0x0000fffe68fe9000,0x0000fffe691e9000)]

Stack: [0x0000fffe68fe9000,0x0000fffe691e9000],  sp=0x0000fffe691e6af0,  free space=2038k
Native frames: (J=compiled Java code, A=aot compiled Java code, j=interpreted, Vv=VM code, C=native code)
C  [libpython3.9.so.1.0+0x14c980]
C  [libpython3.9.so.1.0+0x1a0c14]  PyGILState_Ensure+0x74
C  [jpy.cpython-39-aarch64-linux-gnu.so+0xf530]  Java_org_jpy_PyLib_copyDict+0x20
j  org.jpy.PyLib.copyDict(J)Lorg/jpy/PyObject;+0
j  org.jpy.PyDictWrapper.copy()Lorg/jpy/PyDictWrapper;+11
j  io.deephaven.integrations.python.PythonDeephavenSession.takeSnapshot()Lio/deephaven/integrations/python/PythonDeephavenSession$PythonSnapshot;+13
j  io.deephaven.integrations.python.PythonDeephavenSession.takeSnapshot()Lio/deephaven/engine/util/AbstractScriptSession$Snapshot;+1
j  io.deephaven.engine.util.AbstractScriptSession.observeScopeChanges()V+7
j  io.deephaven.server.runner.DeephavenApiServer.checkScopeChanges(Lio/deephaven/engine/util/ScriptSession;)V+5
j  io.deephaven.server.runner.DeephavenApiServer.lambda$checkScopeChanges$2(Lio/deephaven/engine/util/ScriptSession;)V+2
j  io.deephaven.server.runner.DeephavenApiServer$$Lambda$644.run()V+8
j  java.util.concurrent.Executors$RunnableAdapter.call()Ljava/lang/Object;+4 java.base@11.0.24
j  java.util.concurrent.FutureTask.run()V+39 java.base@11.0.24
j  java.util.concurrent.ScheduledThreadPoolExecutor$ScheduledFutureTask.run()V+28 java.base@11.0.24
j  java.util.concurrent.ThreadPoolExecutor.runWorker(Ljava/util/concurrent/ThreadPoolExecutor$Worker;)V+92 java.base@11.0.24
j  java.util.concurrent.ThreadPoolExecutor$Worker.run()V+5 java.base@11.0.24
j  io.deephaven.server.runner.scheduler.SchedulerModule$ThreadFactory.lambda$newThread$0(Ljava/lang/Runnable;)V+18
j  io.deephaven.server.runner.scheduler.SchedulerModule$ThreadFactory$$Lambda$645.run()V+8
j  java.lang.Thread.run()V+11 java.base@11.0.24
v  ~StubRoutines::call_stub
V  [libjvm.so+0x74dd98]  JavaCalls::call_helper(JavaValue*, methodHandle const&, JavaCallArguments*, Thread*)+0x2f8
V  [libjvm.so+0x74c438]  JavaCalls::call_virtual(JavaValue*, Handle, Klass*, Symbol*, Symbol*, Thread*)+0x158
V  [libjvm.so+0x7f3144]  thread_entry(JavaThread*, Thread*)+0xa4
V  [libjvm.so+0xc7320c]  JavaThread::thread_main_inner()+0xec
V  [libjvm.so+0xc7089c]  Thread::call_run()+0x15c
V  [libjvm.so+0xa7a678]  thread_native_entry(Thread*)+0xf0
C  [libc.so.6+0x90834]